2025-06-02 14:59:58,056 - TurboTalkApp - INFO - Starting Enhanced TurboTalk AI...
2025-06-02 14:59:58,065 - werkzeug - INFO - [31m[1mWARNING: This is a development server. Do not use it in a production deployment. Use a production WSGI server instead.[0m
 * Running on all addresses (0.0.0.0)
 * Running on http://127.0.0.1:8080
 * Running on http://10.64.134.32:8080
2025-06-02 14:59:58,065 - werkzeug - INFO - [33mPress CTRL+C to quit[0m
2025-06-02 15:02:02,515 - TurboTalkApp - INFO - Starting Enhanced TurboTalk AI...
2025-06-02 15:02:09,049 - TurboTalkApp - INFO - New session created: c07e9acf...
2025-06-02 15:02:09,056 - werkzeug - INFO - 127.0.0.1 - - [02/Jun/2025 15:02:09] "HEAD / HTTP/1.1" 200 -
2025-06-02 15:02:15,860 - TurboTalkApp - INFO - Processing request: What are the latest developments in renewable ener...
2025-06-02 15:02:15,861 - ConversationManager - INFO - Created new conversation for session 911eacb7...
2025-06-02 15:02:16,308 - WebScraper - INFO - Searching: https://www.google.com/search?q=Error%3A+403
2025-06-02 15:02:17,395 - WebScraper - INFO - Searching: https://duckduckgo.com/html/?q=Error%3A+403
2025-06-02 15:02:19,343 - WebScraper - INFO - Searching: https://www.google.com/search?q=Error%3A+403
2025-06-02 15:02:19,579 - WebScraper - INFO - Searching: https://duckduckgo.com/html/?q=Error%3A+403
2025-06-02 15:02:20,662 - werkzeug - INFO - 127.0.0.1 - - [02/Jun/2025 15:02:20] "POST /chat HTTP/1.1" 200 -
2025-06-02 15:02:41,801 - TurboTalkApp - INFO - Starting Enhanced TurboTalk AI...
2025-06-02 15:02:41,808 - werkzeug - INFO - [31m[1mWARNING: This is a development server. Do not use it in a production deployment. Use a production WSGI server instead.[0m
 * Running on all addresses (0.0.0.0)
 * Running on http://127.0.0.1:8080
 * Running on http://10.64.134.32:8080
2025-06-02 15:02:41,808 - werkzeug - INFO - [33mPress CTRL+C to quit[0m
2025-06-02 15:02:49,170 - TurboTalkApp - INFO - New session created: bdbc48d5...
2025-06-02 15:02:49,176 - werkzeug - INFO - 127.0.0.1 - - [02/Jun/2025 15:02:49] "HEAD / HTTP/1.1" 200 -
2025-06-02 15:02:54,909 - TurboTalkApp - INFO - Processing request: Tell me about solar energy benefits...
2025-06-02 15:02:54,909 - ConversationManager - INFO - Created new conversation for session 3e823ae3...
2025-06-02 15:02:55,393 - WebScraper - INFO - Searching: https://www.google.com/search?q=Error%3A+403
2025-06-02 15:02:56,486 - WebScraper - INFO - Searching: https://duckduckgo.com/html/?q=Error%3A+403
2025-06-02 15:02:56,831 - WebScraper - INFO - Searching: https://www.google.com/search?q=Error%3A+403
2025-06-02 15:02:57,072 - WebScraper - INFO - Searching: https://duckduckgo.com/html/?q=Error%3A+403
2025-06-02 15:02:57,276 - werkzeug - INFO - 127.0.0.1 - - [02/Jun/2025 15:02:57] "POST /chat HTTP/1.1" 200 -
2025-06-02 15:03:08,244 - TurboTalkApp - INFO - New session created: 657aa0b2...
2025-06-02 15:03:08,245 - werkzeug - INFO - 127.0.0.1 - - [02/Jun/2025 15:03:08] "GET / HTTP/1.1" 200 -
2025-06-02 15:05:32,449 - TurboTalkApp - INFO - Starting Enhanced TurboTalk AI...
2025-06-02 15:05:32,455 - werkzeug - INFO - [31m[1mWARNING: This is a development server. Do not use it in a production deployment. Use a production WSGI server instead.[0m
 * Running on all addresses (0.0.0.0)
 * Running on http://127.0.0.1:8080
 * Running on http://10.64.134.32:8080
2025-06-02 15:05:32,456 - werkzeug - INFO - [33mPress CTRL+C to quit[0m
2025-06-02 15:05:40,129 - TurboTalkApp - INFO - Processing request: Tell me about solar energy benefits...
2025-06-02 15:05:40,129 - ConversationManager - INFO - Created new conversation for session be79c516...
2025-06-02 15:05:40,277 - ChatAPI - WARNING - Attempt 1: Status 403
2025-06-02 15:05:41,378 - ChatAPI - WARNING - Attempt 2: Status 403
2025-06-02 15:05:43,463 - ChatAPI - WARNING - Attempt 3: Status 403
2025-06-02 15:05:43,556 - ChatAPI - WARNING - Attempt 1: Status 403
2025-06-02 15:05:44,638 - ChatAPI - WARNING - Attempt 2: Status 403
2025-06-02 15:05:46,746 - ChatAPI - WARNING - Attempt 3: Status 403
2025-06-02 15:05:46,842 - ChatAPI - WARNING - Attempt 1: Status 403
2025-06-02 15:05:47,933 - ChatAPI - WARNING - Attempt 2: Status 403
2025-06-02 15:05:50,025 - ChatAPI - WARNING - Attempt 3: Status 403
2025-06-02 15:05:50,123 - ChatAPI - WARNING - Attempt 1: Status 403
2025-06-02 15:05:51,212 - ChatAPI - WARNING - Attempt 2: Status 403
2025-06-02 15:05:53,334 - ChatAPI - WARNING - Attempt 3: Status 403
2025-06-02 15:05:53,336 - WebScraper - INFO - Searching: https://www.google.com/search?q=Solar+energy+offers+numerous+benefits+for+science+and+society%3A%0A%0A%2A%2AEnvironmental+Benefits%3A%2A%2A%0A%E2%80%A2+Zero+emissions+during+operation+-+no+air+pollution+or+greenhouse+gases%0A%E2%80%A2+Reduces+dependence+on+fossil+fuels%0A%E2%80%A2+Minimal+water+usage+compared+to+traditional+power+plants%0A%0A%2A%2AEconomic+Benefits%3A%2A%2A%0A%E2%80%A2+Decreasing+costs+-+solar+panels+are+80%25+cheaper+than+10+years+ago%0A%E2%80%A2+Job+creation+in+manufacturing%2C+installation%2C+and+maintenance%0A%E2%80%A2+Energy+independence+and+price+stability%0A%0A%2A%2AScientific+Advances%3A%2A%2A%0A%E2%80%A2+Photovoltaic+efficiency+has+improved+from+6%25+to+over+22%25+in+commercial+panels%0A%E2%80%A2+Perovskite+solar+cells+showing+potential+for+30%25%2B+efficiency%0A%E2%80%A2+Solar+storage+integration+with+battery+technology+advancing+rapidly%0A%0A%2A%2ACommunity+Impact%3A%2A%2A%0A%E2%80%A2+Decentralized+energy+production+empowers+local+communities%0A%E2%80%A2+Rural+electrification+in+developing+regions%0A%E2%80%A2+Reduced+grid+strain+during+peak+hours%0A%0AThe+latest+developments+include+floating+solar+farms%2C+agrivoltaics+%28combining+agriculture+with+solar%29%2C+and+transparent+solar+panels+for+building+integration.
2025-06-02 15:05:53,519 - WebScraper - INFO - Searching: https://duckduckgo.com/html/?q=Solar+energy+offers+numerous+benefits+for+science+and+society%3A%0A%0A%2A%2AEnvironmental+Benefits%3A%2A%2A%0A%E2%80%A2+Zero+emissions+during+operation+-+no+air+pollution+or+greenhouse+gases%0A%E2%80%A2+Reduces+dependence+on+fossil+fuels%0A%E2%80%A2+Minimal+water+usage+compared+to+traditional+power+plants%0A%0A%2A%2AEconomic+Benefits%3A%2A%2A%0A%E2%80%A2+Decreasing+costs+-+solar+panels+are+80%25+cheaper+than+10+years+ago%0A%E2%80%A2+Job+creation+in+manufacturing%2C+installation%2C+and+maintenance%0A%E2%80%A2+Energy+independence+and+price+stability%0A%0A%2A%2AScientific+Advances%3A%2A%2A%0A%E2%80%A2+Photovoltaic+efficiency+has+improved+from+6%25+to+over+22%25+in+commercial+panels%0A%E2%80%A2+Perovskite+solar+cells+showing+potential+for+30%25%2B+efficiency%0A%E2%80%A2+Solar+storage+integration+with+battery+technology+advancing+rapidly%0A%0A%2A%2ACommunity+Impact%3A%2A%2A%0A%E2%80%A2+Decentralized+energy+production+empowers+local+communities%0A%E2%80%A2+Rural+electrification+in+developing+regions%0A%E2%80%A2+Reduced+grid+strain+during+peak+hours%0A%0AThe+latest+developments+include+floating+solar+farms%2C+agrivoltaics+%28combining+agriculture+with+solar%29%2C+and+transparent+solar+panels+for+building+integration.
2025-06-02 15:05:53,880 - WebScraper - INFO - Searching: https://www.google.com/search?q=Solar+energy+offers+numerous+benefits+for+science+and+society%3A%0A%0A%2A%2AEnvironmental+Benefits%3A%2A%2A%0A%E2%80%A2+Zero+emissions+during+operation+-+no+air+pollution+or+greenhouse+gases%0A%E2%80%A2+Reduces+dependence+on+fossil+fuels%0A%E2%80%A2+Minimal+water+usage+compared+to+traditional+power+plants%0A%0A%2A%2AEconomic+Benefits%3A%2A%2A%0A%E2%80%A2+Decreasing+costs+-+solar+panels+are+80%25+cheaper+than+10+years+ago%0A%E2%80%A2+Job+creation+in+manufacturing
2025-06-02 15:05:53,942 - WebScraper - INFO - Searching: https://duckduckgo.com/html/?q=Solar+energy+offers+numerous+benefits+for+science+and+society%3A%0A%0A%2A%2AEnvironmental+Benefits%3A%2A%2A%0A%E2%80%A2+Zero+emissions+during+operation+-+no+air+pollution+or+greenhouse+gases%0A%E2%80%A2+Reduces+dependence+on+fossil+fuels%0A%E2%80%A2+Minimal+water+usage+compared+to+traditional+power+plants%0A%0A%2A%2AEconomic+Benefits%3A%2A%2A%0A%E2%80%A2+Decreasing+costs+-+solar+panels+are+80%25+cheaper+than+10+years+ago%0A%E2%80%A2+Job+creation+in+manufacturing
2025-06-02 15:05:54,029 - WebScraper - INFO - Searching: https://www.google.com/search?q=installation
2025-06-02 15:05:54,080 - WebScraper - INFO - Searching: https://duckduckgo.com/html/?q=installation
2025-06-02 15:05:54,162 - WebScraper - INFO - Searching: https://www.google.com/search?q=and+maintenance%0A%E2%80%A2+Energy+independence+and+price+stability%0A%0A%2A%2AScientific+Advances%3A%2A%2A%0A%E2%80%A2+Photovoltaic+efficiency+has+improved+from+6%25+to+over+22%25+in+commercial+panels%0A%E2%80%A2+Perovskite+solar+cells+showing+potential+for+30%25%2B+efficiency%0A%E2%80%A2+Solar+storage+integration+with+battery+technology+advancing+rapidly%0A%0A%2A%2ACommunity+Impact%3A%2A%2A%0A%E2%80%A2+Decentralized+energy+production+empowers+local+communities%0A%E2%80%A2+Rural+electrification+in+developing+regions%0A%E2%80%A2+Reduced+grid+strain+during+peak+hours%0A%0AThe+latest+developments+include+floating+solar+farms
2025-06-02 15:05:54,216 - WebScraper - INFO - Searching: https://duckduckgo.com/html/?q=and+maintenance%0A%E2%80%A2+Energy+independence+and+price+stability%0A%0A%2A%2AScientific+Advances%3A%2A%2A%0A%E2%80%A2+Photovoltaic+efficiency+has+improved+from+6%25+to+over+22%25+in+commercial+panels%0A%E2%80%A2+Perovskite+solar+cells+showing+potential+for+30%25%2B+efficiency%0A%E2%80%A2+Solar+storage+integration+with+battery+technology+advancing+rapidly%0A%0A%2A%2ACommunity+Impact%3A%2A%2A%0A%E2%80%A2+Decentralized+energy+production+empowers+local+communities%0A%E2%80%A2+Rural+electrification+in+developing+regions%0A%E2%80%A2+Reduced+grid+strain+during+peak+hours%0A%0AThe+latest+developments+include+floating+solar+farms
2025-06-02 15:05:54,315 - WebScraper - INFO - Searching: https://www.google.com/search?q=agrivoltaics+%28combining+agriculture+with+solar%29
2025-06-02 15:05:54,372 - WebScraper - INFO - Searching: https://duckduckgo.com/html/?q=agrivoltaics+%28combining+agriculture+with+solar%29
2025-06-02 15:05:54,453 - WebScraper - INFO - Searching: https://www.google.com/search?q=and+transparent+solar+panels+for+building+integration.
2025-06-02 15:05:54,505 - WebScraper - INFO - Searching: https://duckduckgo.com/html/?q=and+transparent+solar+panels+for+building+integration.
2025-06-02 15:05:54,672 - ChatAPI - WARNING - Attempt 1: Status 403
2025-06-02 15:05:55,756 - ChatAPI - WARNING - Attempt 2: Status 403
2025-06-02 15:05:57,841 - ChatAPI - WARNING - Attempt 3: Status 403
2025-06-02 15:05:57,844 - werkzeug - INFO - 127.0.0.1 - - [02/Jun/2025 15:05:57] "POST /chat HTTP/1.1" 200 -
2025-06-02 15:06:02,411 - TurboTalkApp - INFO - Processing request: How can communities solve local environmental prob...
2025-06-02 15:06:02,411 - ConversationManager - INFO - Created new conversation for session 6939e94a...
2025-06-02 15:06:02,537 - ChatAPI - WARNING - Attempt 1: Status 403
2025-06-02 15:06:03,622 - ChatAPI - WARNING - Attempt 2: Status 403
2025-06-02 15:06:05,717 - ChatAPI - WARNING - Attempt 3: Status 403
2025-06-02 15:06:05,805 - ChatAPI - WARNING - Attempt 1: Status 403
2025-06-02 15:06:06,889 - ChatAPI - WARNING - Attempt 2: Status 403
2025-06-02 15:06:08,998 - ChatAPI - WARNING - Attempt 3: Status 403
2025-06-02 15:06:09,088 - ChatAPI - WARNING - Attempt 1: Status 403
2025-06-02 15:06:10,173 - ChatAPI - WARNING - Attempt 2: Status 403
2025-06-02 15:06:12,303 - ChatAPI - WARNING - Attempt 3: Status 403
2025-06-02 15:06:12,388 - ChatAPI - WARNING - Attempt 1: Status 403
2025-06-02 15:06:13,473 - ChatAPI - WARNING - Attempt 2: Status 403
2025-06-02 15:06:15,612 - ChatAPI - WARNING - Attempt 3: Status 403
2025-06-02 15:06:15,614 - WebScraper - INFO - Searching: https://www.google.com/search?q=Solar+energy+offers+numerous+benefits+for+science+and+society%3A%0A%0A%2A%2AEnvironmental+Benefits%3A%2A%2A%0A%E2%80%A2+Zero+emissions+during+operation+-+no+air+pollution+or+greenhouse+gases%0A%E2%80%A2+Reduces+dependence+on+fossil+fuels%0A%E2%80%A2+Minimal+water+usage+compared+to+traditional+power+plants%0A%0A%2A%2AEconomic+Benefits%3A%2A%2A%0A%E2%80%A2+Decreasing+costs+-+solar+panels+are+80%25+cheaper+than+10+years+ago%0A%E2%80%A2+Job+creation+in+manufacturing%2C+installation%2C+and+maintenance%0A%E2%80%A2+Energy+independence+and+price+stability%0A%0A%2A%2AScientific+Advances%3A%2A%2A%0A%E2%80%A2+Photovoltaic+efficiency+has+improved+from+6%25+to+over+22%25+in+commercial+panels%0A%E2%80%A2+Perovskite+solar+cells+showing+potential+for+30%25%2B+efficiency%0A%E2%80%A2+Solar+storage+integration+with+battery+technology+advancing+rapidly%0A%0A%2A%2ACommunity+Impact%3A%2A%2A%0A%E2%80%A2+Decentralized+energy+production+empowers+local+communities%0A%E2%80%A2+Rural+electrification+in+developing+regions%0A%E2%80%A2+Reduced+grid+strain+during+peak+hours%0A%0AThe+latest+developments+include+floating+solar+farms%2C+agrivoltaics+%28combining+agriculture+with+solar%29%2C+and+transparent+solar+panels+for+building+integration.
2025-06-02 15:06:16,638 - WebScraper - INFO - Searching: https://duckduckgo.com/html/?q=Solar+energy+offers+numerous+benefits+for+science+and+society%3A%0A%0A%2A%2AEnvironmental+Benefits%3A%2A%2A%0A%E2%80%A2+Zero+emissions+during+operation+-+no+air+pollution+or+greenhouse+gases%0A%E2%80%A2+Reduces+dependence+on+fossil+fuels%0A%E2%80%A2+Minimal+water+usage+compared+to+traditional+power+plants%0A%0A%2A%2AEconomic+Benefits%3A%2A%2A%0A%E2%80%A2+Decreasing+costs+-+solar+panels+are+80%25+cheaper+than+10+years+ago%0A%E2%80%A2+Job+creation+in+manufacturing%2C+installation%2C+and+maintenance%0A%E2%80%A2+Energy+independence+and+price+stability%0A%0A%2A%2AScientific+Advances%3A%2A%2A%0A%E2%80%A2+Photovoltaic+efficiency+has+improved+from+6%25+to+over+22%25+in+commercial+panels%0A%E2%80%A2+Perovskite+solar+cells+showing+potential+for+30%25%2B+efficiency%0A%E2%80%A2+Solar+storage+integration+with+battery+technology+advancing+rapidly%0A%0A%2A%2ACommunity+Impact%3A%2A%2A%0A%E2%80%A2+Decentralized+energy+production+empowers+local+communities%0A%E2%80%A2+Rural+electrification+in+developing+regions%0A%E2%80%A2+Reduced+grid+strain+during+peak+hours%0A%0AThe+latest+developments+include+floating+solar+farms%2C+agrivoltaics+%28combining+agriculture+with+solar%29%2C+and+transparent+solar+panels+for+building+integration.
2025-06-02 15:06:16,993 - WebScraper - INFO - Searching: https://www.google.com/search?q=Solar+energy+offers+numerous+benefits+for+science+and+society%3A%0A%0A%2A%2AEnvironmental+Benefits%3A%2A%2A%0A%E2%80%A2+Zero+emissions+during+operation+-+no+air+pollution+or+greenhouse+gases%0A%E2%80%A2+Reduces+dependence+on+fossil+fuels%0A%E2%80%A2+Minimal+water+usage+compared+to+traditional+power+plants%0A%0A%2A%2AEconomic+Benefits%3A%2A%2A%0A%E2%80%A2+Decreasing+costs+-+solar+panels+are+80%25+cheaper+than+10+years+ago%0A%E2%80%A2+Job+creation+in+manufacturing
2025-06-02 15:06:17,227 - WebScraper - INFO - Searching: https://duckduckgo.com/html/?q=Solar+energy+offers+numerous+benefits+for+science+and+society%3A%0A%0A%2A%2AEnvironmental+Benefits%3A%2A%2A%0A%E2%80%A2+Zero+emissions+during+operation+-+no+air+pollution+or+greenhouse+gases%0A%E2%80%A2+Reduces+dependence+on+fossil+fuels%0A%E2%80%A2+Minimal+water+usage+compared+to+traditional+power+plants%0A%0A%2A%2AEconomic+Benefits%3A%2A%2A%0A%E2%80%A2+Decreasing+costs+-+solar+panels+are+80%25+cheaper+than+10+years+ago%0A%E2%80%A2+Job+creation+in+manufacturing
2025-06-02 15:06:17,340 - WebScraper - INFO - Searching: https://www.google.com/search?q=installation
2025-06-02 15:06:18,010 - WebScraper - INFO - Searching: https://duckduckgo.com/html/?q=installation
2025-06-02 15:06:18,121 - WebScraper - INFO - Searching: https://www.google.com/search?q=and+maintenance%0A%E2%80%A2+Energy+independence+and+price+stability%0A%0A%2A%2AScientific+Advances%3A%2A%2A%0A%E2%80%A2+Photovoltaic+efficiency+has+improved+from+6%25+to+over+22%25+in+commercial+panels%0A%E2%80%A2+Perovskite+solar+cells+showing+potential+for+30%25%2B+efficiency%0A%E2%80%A2+Solar+storage+integration+with+battery+technology+advancing+rapidly%0A%0A%2A%2ACommunity+Impact%3A%2A%2A%0A%E2%80%A2+Decentralized+energy+production+empowers+local+communities%0A%E2%80%A2+Rural+electrification+in+developing+regions%0A%E2%80%A2+Reduced+grid+strain+during+peak+hours%0A%0AThe+latest+developments+include+floating+solar+farms
2025-06-02 15:06:18,358 - WebScraper - INFO - Searching: https://duckduckgo.com/html/?q=and+maintenance%0A%E2%80%A2+Energy+independence+and+price+stability%0A%0A%2A%2AScientific+Advances%3A%2A%2A%0A%E2%80%A2+Photovoltaic+efficiency+has+improved+from+6%25+to+over+22%25+in+commercial+panels%0A%E2%80%A2+Perovskite+solar+cells+showing+potential+for+30%25%2B+efficiency%0A%E2%80%A2+Solar+storage+integration+with+battery+technology+advancing+rapidly%0A%0A%2A%2ACommunity+Impact%3A%2A%2A%0A%E2%80%A2+Decentralized+energy+production+empowers+local+communities%0A%E2%80%A2+Rural+electrification+in+developing+regions%0A%E2%80%A2+Reduced+grid+strain+during+peak+hours%0A%0AThe+latest+developments+include+floating+solar+farms
2025-06-02 15:06:18,487 - WebScraper - INFO - Searching: https://www.google.com/search?q=agrivoltaics+%28combining+agriculture+with+solar%29
2025-06-02 15:06:19,139 - WebScraper - INFO - Searching: https://duckduckgo.com/html/?q=agrivoltaics+%28combining+agriculture+with+solar%29
2025-06-02 15:06:19,277 - WebScraper - INFO - Searching: https://www.google.com/search?q=and+transparent+solar+panels+for+building+integration.
2025-06-02 15:06:19,505 - WebScraper - INFO - Searching: https://duckduckgo.com/html/?q=and+transparent+solar+panels+for+building+integration.
2025-06-02 15:06:19,697 - ChatAPI - WARNING - Attempt 1: Status 403
2025-06-02 15:06:20,809 - ChatAPI - WARNING - Attempt 2: Status 403
2025-06-02 15:06:22,896 - ChatAPI - WARNING - Attempt 3: Status 403
2025-06-02 15:06:22,899 - werkzeug - INFO - 127.0.0.1 - - [02/Jun/2025 15:06:22] "POST /chat HTTP/1.1" 200 -
2025-06-02 15:06:27,118 - TurboTalkApp - INFO - Processing request: What are some community solutions for local proble...
2025-06-02 15:06:27,118 - ConversationManager - INFO - Created new conversation for session 29287148...
2025-06-02 15:06:27,236 - ChatAPI - WARNING - Attempt 1: Status 403
2025-06-02 15:06:28,324 - ChatAPI - WARNING - Attempt 2: Status 403
2025-06-02 15:06:30,410 - ChatAPI - WARNING - Attempt 3: Status 403
2025-06-02 15:06:30,501 - ChatAPI - WARNING - Attempt 1: Status 403
2025-06-02 15:06:31,588 - ChatAPI - WARNING - Attempt 2: Status 403
2025-06-02 15:06:33,697 - ChatAPI - WARNING - Attempt 3: Status 403
2025-06-02 15:06:33,785 - ChatAPI - WARNING - Attempt 1: Status 403
2025-06-02 15:06:34,866 - ChatAPI - WARNING - Attempt 2: Status 403
2025-06-02 15:06:36,950 - ChatAPI - WARNING - Attempt 3: Status 403
2025-06-02 15:06:37,053 - ChatAPI - WARNING - Attempt 1: Status 403
2025-06-02 15:06:38,144 - ChatAPI - WARNING - Attempt 2: Status 403
2025-06-02 15:06:40,267 - ChatAPI - WARNING - Attempt 3: Status 403
2025-06-02 15:06:40,270 - WebScraper - INFO - Searching: https://www.google.com/search?q=Solar+energy+offers+numerous+benefits+for+science+and+society%3A%0A%0A%2A%2AEnvironmental+Benefits%3A%2A%2A%0A%E2%80%A2+Zero+emissions+during+operation+-+no+air+pollution+or+greenhouse+gases%0A%E2%80%A2+Reduces+dependence+on+fossil+fuels%0A%E2%80%A2+Minimal+water+usage+compared+to+traditional+power+plants%0A%0A%2A%2AEconomic+Benefits%3A%2A%2A%0A%E2%80%A2+Decreasing+costs+-+solar+panels+are+80%25+cheaper+than+10+years+ago%0A%E2%80%A2+Job+creation+in+manufacturing%2C+installation%2C+and+maintenance%0A%E2%80%A2+Energy+independence+and+price+stability%0A%0A%2A%2AScientific+Advances%3A%2A%2A%0A%E2%80%A2+Photovoltaic+efficiency+has+improved+from+6%25+to+over+22%25+in+commercial+panels%0A%E2%80%A2+Perovskite+solar+cells+showing+potential+for+30%25%2B+efficiency%0A%E2%80%A2+Solar+storage+integration+with+battery+technology+advancing+rapidly%0A%0A%2A%2ACommunity+Impact%3A%2A%2A%0A%E2%80%A2+Decentralized+energy+production+empowers+local+communities%0A%E2%80%A2+Rural+electrification+in+developing+regions%0A%E2%80%A2+Reduced+grid+strain+during+peak+hours%0A%0AThe+latest+developments+include+floating+solar+farms%2C+agrivoltaics+%28combining+agriculture+with+solar%29%2C+and+transparent+solar+panels+for+building+integration.
2025-06-02 15:06:40,379 - WebScraper - INFO - Searching: https://duckduckgo.com/html/?q=Solar+energy+offers+numerous+benefits+for+science+and+society%3A%0A%0A%2A%2AEnvironmental+Benefits%3A%2A%2A%0A%E2%80%A2+Zero+emissions+during+operation+-+no+air+pollution+or+greenhouse+gases%0A%E2%80%A2+Reduces+dependence+on+fossil+fuels%0A%E2%80%A2+Minimal+water+usage+compared+to+traditional+power+plants%0A%0A%2A%2AEconomic+Benefits%3A%2A%2A%0A%E2%80%A2+Decreasing+costs+-+solar+panels+are+80%25+cheaper+than+10+years+ago%0A%E2%80%A2+Job+creation+in+manufacturing%2C+installation%2C+and+maintenance%0A%E2%80%A2+Energy+independence+and+price+stability%0A%0A%2A%2AScientific+Advances%3A%2A%2A%0A%E2%80%A2+Photovoltaic+efficiency+has+improved+from+6%25+to+over+22%25+in+commercial+panels%0A%E2%80%A2+Perovskite+solar+cells+showing+potential+for+30%25%2B+efficiency%0A%E2%80%A2+Solar+storage+integration+with+battery+technology+advancing+rapidly%0A%0A%2A%2ACommunity+Impact%3A%2A%2A%0A%E2%80%A2+Decentralized+energy+production+empowers+local+communities%0A%E2%80%A2+Rural+electrification+in+developing+regions%0A%E2%80%A2+Reduced+grid+strain+during+peak+hours%0A%0AThe+latest+developments+include+floating+solar+farms%2C+agrivoltaics+%28combining+agriculture+with+solar%29%2C+and+transparent+solar+panels+for+building+integration.
2025-06-02 15:06:40,803 - WebScraper - INFO - Searching: https://www.google.com/search?q=Solar+energy+offers+numerous+benefits+for+science+and+society%3A%0A%0A%2A%2AEnvironmental+Benefits%3A%2A%2A%0A%E2%80%A2+Zero+emissions+during+operation+-+no+air+pollution+or+greenhouse+gases%0A%E2%80%A2+Reduces+dependence+on+fossil+fuels%0A%E2%80%A2+Minimal+water+usage+compared+to+traditional+power+plants%0A%0A%2A%2AEconomic+Benefits%3A%2A%2A%0A%E2%80%A2+Decreasing+costs+-+solar+panels+are+80%25+cheaper+than+10+years+ago%0A%E2%80%A2+Job+creation+in+manufacturing
2025-06-02 15:06:40,860 - WebScraper - INFO - Searching: https://duckduckgo.com/html/?q=Solar+energy+offers+numerous+benefits+for+science+and+society%3A%0A%0A%2A%2AEnvironmental+Benefits%3A%2A%2A%0A%E2%80%A2+Zero+emissions+during+operation+-+no+air+pollution+or+greenhouse+gases%0A%E2%80%A2+Reduces+dependence+on+fossil+fuels%0A%E2%80%A2+Minimal+water+usage+compared+to+traditional+power+plants%0A%0A%2A%2AEconomic+Benefits%3A%2A%2A%0A%E2%80%A2+Decreasing+costs+-+solar+panels+are+80%25+cheaper+than+10+years+ago%0A%E2%80%A2+Job+creation+in+manufacturing
2025-06-02 15:06:40,941 - WebScraper - INFO - Searching: https://www.google.com/search?q=installation
2025-06-02 15:06:40,994 - WebScraper - INFO - Searching: https://duckduckgo.com/html/?q=installation
2025-06-02 15:06:41,073 - WebScraper - INFO - Searching: https://www.google.com/search?q=and+maintenance%0A%E2%80%A2+Energy+independence+and+price+stability%0A%0A%2A%2AScientific+Advances%3A%2A%2A%0A%E2%80%A2+Photovoltaic+efficiency+has+improved+from+6%25+to+over+22%25+in+commercial+panels%0A%E2%80%A2+Perovskite+solar+cells+showing+potential+for+30%25%2B+efficiency%0A%E2%80%A2+Solar+storage+integration+with+battery+technology+advancing+rapidly%0A%0A%2A%2ACommunity+Impact%3A%2A%2A%0A%E2%80%A2+Decentralized+energy+production+empowers+local+communities%0A%E2%80%A2+Rural+electrification+in+developing+regions%0A%E2%80%A2+Reduced+grid+strain+during+peak+hours%0A%0AThe+latest+developments+include+floating+solar+farms
2025-06-02 15:06:41,150 - WebScraper - INFO - Searching: https://duckduckgo.com/html/?q=and+maintenance%0A%E2%80%A2+Energy+independence+and+price+stability%0A%0A%2A%2AScientific+Advances%3A%2A%2A%0A%E2%80%A2+Photovoltaic+efficiency+has+improved+from+6%25+to+over+22%25+in+commercial+panels%0A%E2%80%A2+Perovskite+solar+cells+showing+potential+for+30%25%2B+efficiency%0A%E2%80%A2+Solar+storage+integration+with+battery+technology+advancing+rapidly%0A%0A%2A%2ACommunity+Impact%3A%2A%2A%0A%E2%80%A2+Decentralized+energy+production+empowers+local+communities%0A%E2%80%A2+Rural+electrification+in+developing+regions%0A%E2%80%A2+Reduced+grid+strain+during+peak+hours%0A%0AThe+latest+developments+include+floating+solar+farms
2025-06-02 15:06:41,244 - WebScraper - INFO - Searching: https://www.google.com/search?q=agrivoltaics+%28combining+agriculture+with+solar%29
2025-06-02 15:06:41,294 - WebScraper - INFO - Searching: https://duckduckgo.com/html/?q=agrivoltaics+%28combining+agriculture+with+solar%29
2025-06-02 15:06:41,378 - WebScraper - INFO - Searching: https://www.google.com/search?q=and+transparent+solar+panels+for+building+integration.
2025-06-02 15:06:41,533 - WebScraper - INFO - Searching: https://duckduckgo.com/html/?q=and+transparent+solar+panels+for+building+integration.
2025-06-02 15:06:41,697 - ChatAPI - WARNING - Attempt 1: Status 403
2025-06-02 15:06:42,825 - ChatAPI - WARNING - Attempt 2: Status 403
2025-06-02 15:06:44,915 - ChatAPI - WARNING - Attempt 3: Status 403
2025-06-02 15:06:44,918 - werkzeug - INFO - 127.0.0.1 - - [02/Jun/2025 15:06:44] "POST /chat HTTP/1.1" 200 -
2025-06-02 15:06:51,107 - TurboTalkApp - INFO - Processing request: Tell me about mental health and wellness...
2025-06-02 15:06:51,107 - ConversationManager - INFO - Created new conversation for session 5beb7bbf...
2025-06-02 15:06:51,223 - ChatAPI - WARNING - Attempt 1: Status 403
2025-06-02 15:06:52,347 - ChatAPI - WARNING - Attempt 2: Status 403
2025-06-02 15:06:54,464 - ChatAPI - WARNING - Attempt 3: Status 403
2025-06-02 15:06:54,551 - ChatAPI - WARNING - Attempt 1: Status 403
2025-06-02 15:06:55,640 - ChatAPI - WARNING - Attempt 2: Status 403
2025-06-02 15:06:57,751 - ChatAPI - WARNING - Attempt 3: Status 403
2025-06-02 15:06:57,836 - ChatAPI - WARNING - Attempt 1: Status 403
2025-06-02 15:06:58,926 - ChatAPI - WARNING - Attempt 2: Status 403
2025-06-02 15:07:01,011 - ChatAPI - WARNING - Attempt 3: Status 403
2025-06-02 15:07:01,100 - ChatAPI - WARNING - Attempt 1: Status 403
2025-06-02 15:07:02,183 - ChatAPI - WARNING - Attempt 2: Status 403
2025-06-02 15:07:04,294 - ChatAPI - WARNING - Attempt 3: Status 403
2025-06-02 15:07:04,296 - WebScraper - INFO - Searching: https://www.google.com/search?q=Solar+energy+offers+numerous+benefits+for+science+and+society%3A%0A%0A%2A%2AEnvironmental+Benefits%3A%2A%2A%0A%E2%80%A2+Zero+emissions+during+operation+-+no+air+pollution+or+greenhouse+gases%0A%E2%80%A2+Reduces+dependence+on+fossil+fuels%0A%E2%80%A2+Minimal+water+usage+compared+to+traditional+power+plants%0A%0A%2A%2AEconomic+Benefits%3A%2A%2A%0A%E2%80%A2+Decreasing+costs+-+solar+panels+are+80%25+cheaper+than+10+years+ago%0A%E2%80%A2+Job+creation+in+manufacturing%2C+installation%2C+and+maintenance%0A%E2%80%A2+Energy+independence+and+price+stability%0A%0A%2A%2AScientific+Advances%3A%2A%2A%0A%E2%80%A2+Photovoltaic+efficiency+has+improved+from+6%25+to+over+22%25+in+commercial+panels%0A%E2%80%A2+Perovskite+solar+cells+showing+potential+for+30%25%2B+efficiency%0A%E2%80%A2+Solar+storage+integration+with+battery+technology+advancing+rapidly%0A%0A%2A%2ACommunity+Impact%3A%2A%2A%0A%E2%80%A2+Decentralized+energy+production+empowers+local+communities%0A%E2%80%A2+Rural+electrification+in+developing+regions%0A%E2%80%A2+Reduced+grid+strain+during+peak+hours%0A%0AThe+latest+developments+include+floating+solar+farms%2C+agrivoltaics+%28combining+agriculture+with+solar%29%2C+and+transparent+solar+panels+for+building+integration.
2025-06-02 15:07:05,299 - WebScraper - INFO - Searching: https://duckduckgo.com/html/?q=Solar+energy+offers+numerous+benefits+for+science+and+society%3A%0A%0A%2A%2AEnvironmental+Benefits%3A%2A%2A%0A%E2%80%A2+Zero+emissions+during+operation+-+no+air+pollution+or+greenhouse+gases%0A%E2%80%A2+Reduces+dependence+on+fossil+fuels%0A%E2%80%A2+Minimal+water+usage+compared+to+traditional+power+plants%0A%0A%2A%2AEconomic+Benefits%3A%2A%2A%0A%E2%80%A2+Decreasing+costs+-+solar+panels+are+80%25+cheaper+than+10+years+ago%0A%E2%80%A2+Job+creation+in+manufacturing%2C+installation%2C+and+maintenance%0A%E2%80%A2+Energy+independence+and+price+stability%0A%0A%2A%2AScientific+Advances%3A%2A%2A%0A%E2%80%A2+Photovoltaic+efficiency+has+improved+from+6%25+to+over+22%25+in+commercial+panels%0A%E2%80%A2+Perovskite+solar+cells+showing+potential+for+30%25%2B+efficiency%0A%E2%80%A2+Solar+storage+integration+with+battery+technology+advancing+rapidly%0A%0A%2A%2ACommunity+Impact%3A%2A%2A%0A%E2%80%A2+Decentralized+energy+production+empowers+local+communities%0A%E2%80%A2+Rural+electrification+in+developing+regions%0A%E2%80%A2+Reduced+grid+strain+during+peak+hours%0A%0AThe+latest+developments+include+floating+solar+farms%2C+agrivoltaics+%28combining+agriculture+with+solar%29%2C+and+transparent+solar+panels+for+building+integration.
2025-06-02 15:07:05,633 - WebScraper - INFO - Searching: https://www.google.com/search?q=Solar+energy+offers+numerous+benefits+for+science+and+society%3A%0A%0A%2A%2AEnvironmental+Benefits%3A%2A%2A%0A%E2%80%A2+Zero+emissions+during+operation+-+no+air+pollution+or+greenhouse+gases%0A%E2%80%A2+Reduces+dependence+on+fossil+fuels%0A%E2%80%A2+Minimal+water+usage+compared+to+traditional+power+plants%0A%0A%2A%2AEconomic+Benefits%3A%2A%2A%0A%E2%80%A2+Decreasing+costs+-+solar+panels+are+80%25+cheaper+than+10+years+ago%0A%E2%80%A2+Job+creation+in+manufacturing
2025-06-02 15:07:05,877 - WebScraper - INFO - Searching: https://duckduckgo.com/html/?q=Solar+energy+offers+numerous+benefits+for+science+and+society%3A%0A%0A%2A%2AEnvironmental+Benefits%3A%2A%2A%0A%E2%80%A2+Zero+emissions+during+operation+-+no+air+pollution+or+greenhouse+gases%0A%E2%80%A2+Reduces+dependence+on+fossil+fuels%0A%E2%80%A2+Minimal+water+usage+compared+to+traditional+power+plants%0A%0A%2A%2AEconomic+Benefits%3A%2A%2A%0A%E2%80%A2+Decreasing+costs+-+solar+panels+are+80%25+cheaper+than+10+years+ago%0A%E2%80%A2+Job+creation+in+manufacturing
2025-06-02 15:07:05,986 - WebScraper - INFO - Searching: https://www.google.com/search?q=installation
2025-06-02 15:07:06,654 - WebScraper - INFO - Searching: https://duckduckgo.com/html/?q=installation
2025-06-02 15:07:06,763 - WebScraper - INFO - Searching: https://www.google.com/search?q=and+maintenance%0A%E2%80%A2+Energy+independence+and+price+stability%0A%0A%2A%2AScientific+Advances%3A%2A%2A%0A%E2%80%A2+Photovoltaic+efficiency+has+improved+from+6%25+to+over+22%25+in+commercial+panels%0A%E2%80%A2+Perovskite+solar+cells+showing+potential+for+30%25%2B+efficiency%0A%E2%80%A2+Solar+storage+integration+with+battery+technology+advancing+rapidly%0A%0A%2A%2ACommunity+Impact%3A%2A%2A%0A%E2%80%A2+Decentralized+energy+production+empowers+local+communities%0A%E2%80%A2+Rural+electrification+in+developing+regions%0A%E2%80%A2+Reduced+grid+strain+during+peak+hours%0A%0AThe+latest+developments+include+floating+solar+farms
2025-06-02 15:07:07,005 - WebScraper - INFO - Searching: https://duckduckgo.com/html/?q=and+maintenance%0A%E2%80%A2+Energy+independence+and+price+stability%0A%0A%2A%2AScientific+Advances%3A%2A%2A%0A%E2%80%A2+Photovoltaic+efficiency+has+improved+from+6%25+to+over+22%25+in+commercial+panels%0A%E2%80%A2+Perovskite+solar+cells+showing+potential+for+30%25%2B+efficiency%0A%E2%80%A2+Solar+storage+integration+with+battery+technology+advancing+rapidly%0A%0A%2A%2ACommunity+Impact%3A%2A%2A%0A%E2%80%A2+Decentralized+energy+production+empowers+local+communities%0A%E2%80%A2+Rural+electrification+in+developing+regions%0A%E2%80%A2+Reduced+grid+strain+during+peak+hours%0A%0AThe+latest+developments+include+floating+solar+farms
2025-06-02 15:07:07,122 - WebScraper - INFO - Searching: https://www.google.com/search?q=agrivoltaics+%28combining+agriculture+with+solar%29
2025-06-02 15:07:07,780 - WebScraper - INFO - Searching: https://duckduckgo.com/html/?q=agrivoltaics+%28combining+agriculture+with+solar%29
2025-06-02 15:07:07,889 - WebScraper - INFO - Searching: https://www.google.com/search?q=and+transparent+solar+panels+for+building+integration.
2025-06-02 15:07:08,118 - WebScraper - INFO - Searching: https://duckduckgo.com/html/?q=and+transparent+solar+panels+for+building+integration.
2025-06-02 15:07:08,321 - ChatAPI - WARNING - Attempt 1: Status 403
2025-06-02 15:07:09,427 - ChatAPI - WARNING - Attempt 2: Status 403
2025-06-02 15:07:11,514 - ChatAPI - WARNING - Attempt 3: Status 403
2025-06-02 15:07:11,516 - werkzeug - INFO - 127.0.0.1 - - [02/Jun/2025 15:07:11] "POST /chat HTTP/1.1" 200 -
